Created by PLY version 3.11 (http://www.dabeaz.com/ply)

Unused terminals:

    SWITCH

Grammar

Rule 0     S' -> expression
Rule 1     expression -> START CURL_L NUMBER COMMA NUMBER CURL_R
Rule 2     expression -> IDENTIFIER PERIOD
Rule 3     expression -> MAKEWINDOW
Rule 4     expression -> CHECK
Rule 5     expression -> LABEL CURL_L NUMBER COMMA NUMBER COMMA NUMBER CURL_R
Rule 6     expression -> UPDATE LABEL CURL_L NUMBER COMMA NUMBER COMMA NUMBER CURL_R
Rule 7     expression -> BUTTON CURL_L NUMBER COMMA NUMBER COMMA NUMBER COMMA NUMBER CURL_R
Rule 8     expression -> OVAL CURL_L NUMBER COMMA NUMBER COMMA NUMBER COMMA NUMBER CURL_R
Rule 9     expression -> SQUARE CURL_L NUMBER COMMA NUMBER COMMA NUMBER COMMA NUMBER CURL_R
Rule 10    expression -> RESET
Rule 11    expression -> LINE CURL_L NUMBER COMMA NUMBER COMMA NUMBER COMMA NUMBER CURL_R
Rule 12    expression -> UPDATE OVAL CURL_L NUMBER COMMA NUMBER COMMA NUMBER COMMA NUMBER CURL_R
Rule 13    expression -> UPDATE LINE CURL_L NUMBER COMMA NUMBER COMMA NUMBER COMMA NUMBER CURL_R
Rule 14    expression -> UPDATE SQUARE CURL_L NUMBER COMMA NUMBER COMMA NUMBER COMMA NUMBER CURL_R
Rule 15    expression -> BACKGROUND

Terminals, with rules where they appear

BACKGROUND           : 15
BUTTON               : 7
CHECK                : 4
COMMA                : 1 5 5 6 6 7 7 7 8 8 8 9 9 9 11 11 11 12 12 12 13 13 13 14 14 14
CURL_L               : 1 5 6 7 8 9 11 12 13 14
CURL_R               : 1 5 6 7 8 9 11 12 13 14
IDENTIFIER           : 2
LABEL                : 5 6
LINE                 : 11 13
MAKEWINDOW           : 3
NUMBER               : 1 1 5 5 5 6 6 6 7 7 7 7 8 8 8 8 9 9 9 9 11 11 11 11 12 12 12 12 13 13 13 13 14 14 14 14
OVAL                 : 8 12
PERIOD               : 2
RESET                : 10
SQUARE               : 9 14
START                : 1
SWITCH               : 
UPDATE               : 6 12 13 14
error                : 

Nonterminals, with rules where they appear

expression           : 0

Parsing method: LALR

state 0

    (0) S' -> . expression
    (1) expression -> . START CURL_L NUMBER COMMA NUMBER CURL_R
    (2) expression -> . IDENTIFIER PERIOD
    (3) expression -> . MAKEWINDOW
    (4) expression -> . CHECK
    (5) expression -> . LABEL CURL_L NUMBER COMMA NUMBER COMMA NUMBER CURL_R
    (6) expression -> . UPDATE LABEL CURL_L NUMBER COMMA NUMBER COMMA NUMBER CURL_R
    (7) expression -> . BUTTON CURL_L NUMBER COMMA NUMBER COMMA NUMBER COMMA NUMBER CURL_R
    (8) expression -> . OVAL CURL_L NUMBER COMMA NUMBER COMMA NUMBER COMMA NUMBER CURL_R
    (9) expression -> . SQUARE CURL_L NUMBER COMMA NUMBER COMMA NUMBER COMMA NUMBER CURL_R
    (10) expression -> . RESET
    (11) expression -> . LINE CURL_L NUMBER COMMA NUMBER COMMA NUMBER COMMA NUMBER CURL_R
    (12) expression -> . UPDATE OVAL CURL_L NUMBER COMMA NUMBER COMMA NUMBER COMMA NUMBER CURL_R
    (13) expression -> . UPDATE LINE CURL_L NUMBER COMMA NUMBER COMMA NUMBER COMMA NUMBER CURL_R
    (14) expression -> . UPDATE SQUARE CURL_L NUMBER COMMA NUMBER COMMA NUMBER COMMA NUMBER CURL_R
    (15) expression -> . BACKGROUND

    START           shift and go to state 2
    IDENTIFIER      shift and go to state 3
    MAKEWINDOW      shift and go to state 4
    CHECK           shift and go to state 5
    LABEL           shift and go to state 6
    UPDATE          shift and go to state 7
    BUTTON          shift and go to state 8
    OVAL            shift and go to state 9
    SQUARE          shift and go to state 10
    RESET           shift and go to state 11
    LINE            shift and go to state 12
    BACKGROUND      shift and go to state 13

    expression                     shift and go to state 1

state 1

    (0) S' -> expression .



state 2

    (1) expression -> START . CURL_L NUMBER COMMA NUMBER CURL_R

    CURL_L          shift and go to state 14


state 3

    (2) expression -> IDENTIFIER . PERIOD

    PERIOD          shift and go to state 15


state 4

    (3) expression -> MAKEWINDOW .

    $end            reduce using rule 3 (expression -> MAKEWINDOW .)


state 5

    (4) expression -> CHECK .

    $end            reduce using rule 4 (expression -> CHECK .)


state 6

    (5) expression -> LABEL . CURL_L NUMBER COMMA NUMBER COMMA NUMBER CURL_R

    CURL_L          shift and go to state 16


state 7

    (6) expression -> UPDATE . LABEL CURL_L NUMBER COMMA NUMBER COMMA NUMBER CURL_R
    (12) expression -> UPDATE . OVAL CURL_L NUMBER COMMA NUMBER COMMA NUMBER COMMA NUMBER CURL_R
    (13) expression -> UPDATE . LINE CURL_L NUMBER COMMA NUMBER COMMA NUMBER COMMA NUMBER CURL_R
    (14) expression -> UPDATE . SQUARE CURL_L NUMBER COMMA NUMBER COMMA NUMBER COMMA NUMBER CURL_R

    LABEL           shift and go to state 17
    OVAL            shift and go to state 18
    LINE            shift and go to state 19
    SQUARE          shift and go to state 20


state 8

    (7) expression -> BUTTON . CURL_L NUMBER COMMA NUMBER COMMA NUMBER COMMA NUMBER CURL_R

    CURL_L          shift and go to state 21


state 9

    (8) expression -> OVAL . CURL_L NUMBER COMMA NUMBER COMMA NUMBER COMMA NUMBER CURL_R

    CURL_L          shift and go to state 22


state 10

    (9) expression -> SQUARE . CURL_L NUMBER COMMA NUMBER COMMA NUMBER COMMA NUMBER CURL_R

    CURL_L          shift and go to state 23


state 11

    (10) expression -> RESET .

    $end            reduce using rule 10 (expression -> RESET .)


state 12

    (11) expression -> LINE . CURL_L NUMBER COMMA NUMBER COMMA NUMBER COMMA NUMBER CURL_R

    CURL_L          shift and go to state 24


state 13

    (15) expression -> BACKGROUND .

    $end            reduce using rule 15 (expression -> BACKGROUND .)


state 14

    (1) expression -> START CURL_L . NUMBER COMMA NUMBER CURL_R

    NUMBER          shift and go to state 25


state 15

    (2) expression -> IDENTIFIER PERIOD .

    $end            reduce using rule 2 (expression -> IDENTIFIER PERIOD .)


state 16

    (5) expression -> LABEL CURL_L . NUMBER COMMA NUMBER COMMA NUMBER CURL_R

    NUMBER          shift and go to state 26


state 17

    (6) expression -> UPDATE LABEL . CURL_L NUMBER COMMA NUMBER COMMA NUMBER CURL_R

    CURL_L          shift and go to state 27


state 18

    (12) expression -> UPDATE OVAL . CURL_L NUMBER COMMA NUMBER COMMA NUMBER COMMA NUMBER CURL_R

    CURL_L          shift and go to state 28


state 19

    (13) expression -> UPDATE LINE . CURL_L NUMBER COMMA NUMBER COMMA NUMBER COMMA NUMBER CURL_R

    CURL_L          shift and go to state 29


state 20

    (14) expression -> UPDATE SQUARE . CURL_L NUMBER COMMA NUMBER COMMA NUMBER COMMA NUMBER CURL_R

    CURL_L          shift and go to state 30


state 21

    (7) expression -> BUTTON CURL_L . NUMBER COMMA NUMBER COMMA NUMBER COMMA NUMBER CURL_R

    NUMBER          shift and go to state 31


state 22

    (8) expression -> OVAL CURL_L . NUMBER COMMA NUMBER COMMA NUMBER COMMA NUMBER CURL_R

    NUMBER          shift and go to state 32


state 23

    (9) expression -> SQUARE CURL_L . NUMBER COMMA NUMBER COMMA NUMBER COMMA NUMBER CURL_R

    NUMBER          shift and go to state 33


state 24

    (11) expression -> LINE CURL_L . NUMBER COMMA NUMBER COMMA NUMBER COMMA NUMBER CURL_R

    NUMBER          shift and go to state 34


state 25

    (1) expression -> START CURL_L NUMBER . COMMA NUMBER CURL_R

    COMMA           shift and go to state 35


state 26

    (5) expression -> LABEL CURL_L NUMBER . COMMA NUMBER COMMA NUMBER CURL_R

    COMMA           shift and go to state 36


state 27

    (6) expression -> UPDATE LABEL CURL_L . NUMBER COMMA NUMBER COMMA NUMBER CURL_R

    NUMBER          shift and go to state 37


state 28

    (12) expression -> UPDATE OVAL CURL_L . NUMBER COMMA NUMBER COMMA NUMBER COMMA NUMBER CURL_R

    NUMBER          shift and go to state 38


state 29

    (13) expression -> UPDATE LINE CURL_L . NUMBER COMMA NUMBER COMMA NUMBER COMMA NUMBER CURL_R

    NUMBER          shift and go to state 39


state 30

    (14) expression -> UPDATE SQUARE CURL_L . NUMBER COMMA NUMBER COMMA NUMBER COMMA NUMBER CURL_R

    NUMBER          shift and go to state 40


state 31

    (7) expression -> BUTTON CURL_L NUMBER . COMMA NUMBER COMMA NUMBER COMMA NUMBER CURL_R

    COMMA           shift and go to state 41


state 32

    (8) expression -> OVAL CURL_L NUMBER . COMMA NUMBER COMMA NUMBER COMMA NUMBER CURL_R

    COMMA           shift and go to state 42


state 33

    (9) expression -> SQUARE CURL_L NUMBER . COMMA NUMBER COMMA NUMBER COMMA NUMBER CURL_R

    COMMA           shift and go to state 43


state 34

    (11) expression -> LINE CURL_L NUMBER . COMMA NUMBER COMMA NUMBER COMMA NUMBER CURL_R

    COMMA           shift and go to state 44


state 35

    (1) expression -> START CURL_L NUMBER COMMA . NUMBER CURL_R

    NUMBER          shift and go to state 45


state 36

    (5) expression -> LABEL CURL_L NUMBER COMMA . NUMBER COMMA NUMBER CURL_R

    NUMBER          shift and go to state 46


state 37

    (6) expression -> UPDATE LABEL CURL_L NUMBER . COMMA NUMBER COMMA NUMBER CURL_R

    COMMA           shift and go to state 47


state 38

    (12) expression -> UPDATE OVAL CURL_L NUMBER . COMMA NUMBER COMMA NUMBER COMMA NUMBER CURL_R

    COMMA           shift and go to state 48


state 39

    (13) expression -> UPDATE LINE CURL_L NUMBER . COMMA NUMBER COMMA NUMBER COMMA NUMBER CURL_R

    COMMA           shift and go to state 49


state 40

    (14) expression -> UPDATE SQUARE CURL_L NUMBER . COMMA NUMBER COMMA NUMBER COMMA NUMBER CURL_R

    COMMA           shift and go to state 50


state 41

    (7) expression -> BUTTON CURL_L NUMBER COMMA . NUMBER COMMA NUMBER COMMA NUMBER CURL_R

    NUMBER          shift and go to state 51


state 42

    (8) expression -> OVAL CURL_L NUMBER COMMA . NUMBER COMMA NUMBER COMMA NUMBER CURL_R

    NUMBER          shift and go to state 52


state 43

    (9) expression -> SQUARE CURL_L NUMBER COMMA . NUMBER COMMA NUMBER COMMA NUMBER CURL_R

    NUMBER          shift and go to state 53


state 44

    (11) expression -> LINE CURL_L NUMBER COMMA . NUMBER COMMA NUMBER COMMA NUMBER CURL_R

    NUMBER          shift and go to state 54


state 45

    (1) expression -> START CURL_L NUMBER COMMA NUMBER . CURL_R

    CURL_R          shift and go to state 55


state 46

    (5) expression -> LABEL CURL_L NUMBER COMMA NUMBER . COMMA NUMBER CURL_R

    COMMA           shift and go to state 56


state 47

    (6) expression -> UPDATE LABEL CURL_L NUMBER COMMA . NUMBER COMMA NUMBER CURL_R

    NUMBER          shift and go to state 57


state 48

    (12) expression -> UPDATE OVAL CURL_L NUMBER COMMA . NUMBER COMMA NUMBER COMMA NUMBER CURL_R

    NUMBER          shift and go to state 58


state 49

    (13) expression -> UPDATE LINE CURL_L NUMBER COMMA . NUMBER COMMA NUMBER COMMA NUMBER CURL_R

    NUMBER          shift and go to state 59


state 50

    (14) expression -> UPDATE SQUARE CURL_L NUMBER COMMA . NUMBER COMMA NUMBER COMMA NUMBER CURL_R

    NUMBER          shift and go to state 60


state 51

    (7) expression -> BUTTON CURL_L NUMBER COMMA NUMBER . COMMA NUMBER COMMA NUMBER CURL_R

    COMMA           shift and go to state 61


state 52

    (8) expression -> OVAL CURL_L NUMBER COMMA NUMBER . COMMA NUMBER COMMA NUMBER CURL_R

    COMMA           shift and go to state 62


state 53

    (9) expression -> SQUARE CURL_L NUMBER COMMA NUMBER . COMMA NUMBER COMMA NUMBER CURL_R

    COMMA           shift and go to state 63


state 54

    (11) expression -> LINE CURL_L NUMBER COMMA NUMBER . COMMA NUMBER COMMA NUMBER CURL_R

    COMMA           shift and go to state 64


state 55

    (1) expression -> START CURL_L NUMBER COMMA NUMBER CURL_R .

    $end            reduce using rule 1 (expression -> START CURL_L NUMBER COMMA NUMBER CURL_R .)


state 56

    (5) expression -> LABEL CURL_L NUMBER COMMA NUMBER COMMA . NUMBER CURL_R

    NUMBER          shift and go to state 65


state 57

    (6) expression -> UPDATE LABEL CURL_L NUMBER COMMA NUMBER . COMMA NUMBER CURL_R

    COMMA           shift and go to state 66


state 58

    (12) expression -> UPDATE OVAL CURL_L NUMBER COMMA NUMBER . COMMA NUMBER COMMA NUMBER CURL_R

    COMMA           shift and go to state 67


state 59

    (13) expression -> UPDATE LINE CURL_L NUMBER COMMA NUMBER . COMMA NUMBER COMMA NUMBER CURL_R

    COMMA           shift and go to state 68


state 60

    (14) expression -> UPDATE SQUARE CURL_L NUMBER COMMA NUMBER . COMMA NUMBER COMMA NUMBER CURL_R

    COMMA           shift and go to state 69


state 61

    (7) expression -> BUTTON CURL_L NUMBER COMMA NUMBER COMMA . NUMBER COMMA NUMBER CURL_R

    NUMBER          shift and go to state 70


state 62

    (8) expression -> OVAL CURL_L NUMBER COMMA NUMBER COMMA . NUMBER COMMA NUMBER CURL_R

    NUMBER          shift and go to state 71


state 63

    (9) expression -> SQUARE CURL_L NUMBER COMMA NUMBER COMMA . NUMBER COMMA NUMBER CURL_R

    NUMBER          shift and go to state 72


state 64

    (11) expression -> LINE CURL_L NUMBER COMMA NUMBER COMMA . NUMBER COMMA NUMBER CURL_R

    NUMBER          shift and go to state 73


state 65

    (5) expression -> LABEL CURL_L NUMBER COMMA NUMBER COMMA NUMBER . CURL_R

    CURL_R          shift and go to state 74


state 66

    (6) expression -> UPDATE LABEL CURL_L NUMBER COMMA NUMBER COMMA . NUMBER CURL_R

    NUMBER          shift and go to state 75


state 67

    (12) expression -> UPDATE OVAL CURL_L NUMBER COMMA NUMBER COMMA . NUMBER COMMA NUMBER CURL_R

    NUMBER          shift and go to state 76


state 68

    (13) expression -> UPDATE LINE CURL_L NUMBER COMMA NUMBER COMMA . NUMBER COMMA NUMBER CURL_R

    NUMBER          shift and go to state 77


state 69

    (14) expression -> UPDATE SQUARE CURL_L NUMBER COMMA NUMBER COMMA . NUMBER COMMA NUMBER CURL_R

    NUMBER          shift and go to state 78


state 70

    (7) expression -> BUTTON CURL_L NUMBER COMMA NUMBER COMMA NUMBER . COMMA NUMBER CURL_R

    COMMA           shift and go to state 79


state 71

    (8) expression -> OVAL CURL_L NUMBER COMMA NUMBER COMMA NUMBER . COMMA NUMBER CURL_R

    COMMA           shift and go to state 80


state 72

    (9) expression -> SQUARE CURL_L NUMBER COMMA NUMBER COMMA NUMBER . COMMA NUMBER CURL_R

    COMMA           shift and go to state 81


state 73

    (11) expression -> LINE CURL_L NUMBER COMMA NUMBER COMMA NUMBER . COMMA NUMBER CURL_R

    COMMA           shift and go to state 82


state 74

    (5) expression -> LABEL CURL_L NUMBER COMMA NUMBER COMMA NUMBER CURL_R .

    $end            reduce using rule 5 (expression -> LABEL CURL_L NUMBER COMMA NUMBER COMMA NUMBER CURL_R .)


state 75

    (6) expression -> UPDATE LABEL CURL_L NUMBER COMMA NUMBER COMMA NUMBER . CURL_R

    CURL_R          shift and go to state 83


state 76

    (12) expression -> UPDATE OVAL CURL_L NUMBER COMMA NUMBER COMMA NUMBER . COMMA NUMBER CURL_R

    COMMA           shift and go to state 84


state 77

    (13) expression -> UPDATE LINE CURL_L NUMBER COMMA NUMBER COMMA NUMBER . COMMA NUMBER CURL_R

    COMMA           shift and go to state 85


state 78

    (14) expression -> UPDATE SQUARE CURL_L NUMBER COMMA NUMBER COMMA NUMBER . COMMA NUMBER CURL_R

    COMMA           shift and go to state 86


state 79

    (7) expression -> BUTTON CURL_L NUMBER COMMA NUMBER COMMA NUMBER COMMA . NUMBER CURL_R

    NUMBER          shift and go to state 87


state 80

    (8) expression -> OVAL CURL_L NUMBER COMMA NUMBER COMMA NUMBER COMMA . NUMBER CURL_R

    NUMBER          shift and go to state 88


state 81

    (9) expression -> SQUARE CURL_L NUMBER COMMA NUMBER COMMA NUMBER COMMA . NUMBER CURL_R

    NUMBER          shift and go to state 89


state 82

    (11) expression -> LINE CURL_L NUMBER COMMA NUMBER COMMA NUMBER COMMA . NUMBER CURL_R

    NUMBER          shift and go to state 90


state 83

    (6) expression -> UPDATE LABEL CURL_L NUMBER COMMA NUMBER COMMA NUMBER CURL_R .

    $end            reduce using rule 6 (expression -> UPDATE LABEL CURL_L NUMBER COMMA NUMBER COMMA NUMBER CURL_R .)


state 84

    (12) expression -> UPDATE OVAL CURL_L NUMBER COMMA NUMBER COMMA NUMBER COMMA . NUMBER CURL_R

    NUMBER          shift and go to state 91


state 85

    (13) expression -> UPDATE LINE CURL_L NUMBER COMMA NUMBER COMMA NUMBER COMMA . NUMBER CURL_R

    NUMBER          shift and go to state 92


state 86

    (14) expression -> UPDATE SQUARE CURL_L NUMBER COMMA NUMBER COMMA NUMBER COMMA . NUMBER CURL_R

    NUMBER          shift and go to state 93


state 87

    (7) expression -> BUTTON CURL_L NUMBER COMMA NUMBER COMMA NUMBER COMMA NUMBER . CURL_R

    CURL_R          shift and go to state 94


state 88

    (8) expression -> OVAL CURL_L NUMBER COMMA NUMBER COMMA NUMBER COMMA NUMBER . CURL_R

    CURL_R          shift and go to state 95


state 89

    (9) expression -> SQUARE CURL_L NUMBER COMMA NUMBER COMMA NUMBER COMMA NUMBER . CURL_R

    CURL_R          shift and go to state 96


state 90

    (11) expression -> LINE CURL_L NUMBER COMMA NUMBER COMMA NUMBER COMMA NUMBER . CURL_R

    CURL_R          shift and go to state 97


state 91

    (12) expression -> UPDATE OVAL CURL_L NUMBER COMMA NUMBER COMMA NUMBER COMMA NUMBER . CURL_R

    CURL_R          shift and go to state 98


state 92

    (13) expression -> UPDATE LINE CURL_L NUMBER COMMA NUMBER COMMA NUMBER COMMA NUMBER . CURL_R

    CURL_R          shift and go to state 99


state 93

    (14) expression -> UPDATE SQUARE CURL_L NUMBER COMMA NUMBER COMMA NUMBER COMMA NUMBER . CURL_R

    CURL_R          shift and go to state 100


state 94

    (7) expression -> BUTTON CURL_L NUMBER COMMA NUMBER COMMA NUMBER COMMA NUMBER CURL_R .

    $end            reduce using rule 7 (expression -> BUTTON CURL_L NUMBER COMMA NUMBER COMMA NUMBER COMMA NUMBER CURL_R .)


state 95

    (8) expression -> OVAL CURL_L NUMBER COMMA NUMBER COMMA NUMBER COMMA NUMBER CURL_R .

    $end            reduce using rule 8 (expression -> OVAL CURL_L NUMBER COMMA NUMBER COMMA NUMBER COMMA NUMBER CURL_R .)


state 96

    (9) expression -> SQUARE CURL_L NUMBER COMMA NUMBER COMMA NUMBER COMMA NUMBER CURL_R .

    $end            reduce using rule 9 (expression -> SQUARE CURL_L NUMBER COMMA NUMBER COMMA NUMBER COMMA NUMBER CURL_R .)


state 97

    (11) expression -> LINE CURL_L NUMBER COMMA NUMBER COMMA NUMBER COMMA NUMBER CURL_R .

    $end            reduce using rule 11 (expression -> LINE CURL_L NUMBER COMMA NUMBER COMMA NUMBER COMMA NUMBER CURL_R .)


state 98

    (12) expression -> UPDATE OVAL CURL_L NUMBER COMMA NUMBER COMMA NUMBER COMMA NUMBER CURL_R .

    $end            reduce using rule 12 (expression -> UPDATE OVAL CURL_L NUMBER COMMA NUMBER COMMA NUMBER COMMA NUMBER CURL_R .)


state 99

    (13) expression -> UPDATE LINE CURL_L NUMBER COMMA NUMBER COMMA NUMBER COMMA NUMBER CURL_R .

    $end            reduce using rule 13 (expression -> UPDATE LINE CURL_L NUMBER COMMA NUMBER COMMA NUMBER COMMA NUMBER CURL_R .)


state 100

    (14) expression -> UPDATE SQUARE CURL_L NUMBER COMMA NUMBER COMMA NUMBER COMMA NUMBER CURL_R .

    $end            reduce using rule 14 (expression -> UPDATE SQUARE CURL_L NUMBER COMMA NUMBER COMMA NUMBER COMMA NUMBER CURL_R .)

